<?xml version="1.0" encoding="UTF-8" standalone="no"?>
<!DOCTYPE log SYSTEM "logger.dtd">
<log>
<record>
  <date>2017-12-22T10:12:05.915814400Z</date>
  <millis>1513937525915</millis>
  <nanos>814400</nanos>
  <sequence>0</sequence>
  <logger>NAODash Logger</logger>
  <level>INFO</level>
  <class>naoDash_main.Controller</class>
  <method>lambda$initialize$1</method>
  <thread>16</thread>
  <message>Button W</message>
</record>
<record>
  <date>2017-12-22T10:12:06.295824300Z</date>
  <millis>1513937526295</millis>
  <nanos>824300</nanos>
  <sequence>1</sequence>
  <logger>NAODash Logger</logger>
  <level>INFO</level>
  <class>naoDash_main.Controller</class>
  <method>lambda$initialize$1</method>
  <thread>16</thread>
  <message>Button A</message>
</record>
<record>
  <date>2017-12-22T10:12:06.492675900Z</date>
  <millis>1513937526492</millis>
  <nanos>675900</nanos>
  <sequence>2</sequence>
  <logger>NAODash Logger</logger>
  <level>INFO</level>
  <class>naoDash_main.Controller</class>
  <method>lambda$initialize$1</method>
  <thread>16</thread>
  <message>Button S</message>
</record>
<record>
  <date>2017-12-22T10:12:06.775434800Z</date>
  <millis>1513937526775</millis>
  <nanos>434800</nanos>
  <sequence>3</sequence>
  <logger>NAODash Logger</logger>
  <level>INFO</level>
  <class>naoDash_main.Controller</class>
  <method>lambda$initialize$1</method>
  <thread>16</thread>
  <message>Button D</message>
</record>
<record>
  <date>2017-12-22T10:12:10.049460100Z</date>
  <millis>1513937530049</millis>
  <nanos>460100</nanos>
  <sequence>4</sequence>
  <logger>NAODash Logger</logger>
  <level>INFO</level>
  <class>naoDash_main.Controller</class>
  <method>lambda$initialize$1</method>
  <thread>16</thread>
  <message>Button W</message>
</record>
<record>
  <date>2017-12-22T10:12:10.429391800Z</date>
  <millis>1513937530429</millis>
  <nanos>391800</nanos>
  <sequence>5</sequence>
  <logger>NAODash Logger</logger>
  <level>INFO</level>
  <class>naoDash_main.Controller</class>
  <method>lambda$initialize$1</method>
  <thread>16</thread>
  <message>Button A</message>
</record>
<record>
  <date>2017-12-22T10:12:10.611081Z</date>
  <millis>1513937530611</millis>
  <nanos>81000</nanos>
  <sequence>6</sequence>
  <logger>NAODash Logger</logger>
  <level>INFO</level>
  <class>naoDash_main.Controller</class>
  <method>lambda$initialize$1</method>
  <thread>16</thread>
  <message>Button S</message>
</record>
<record>
  <date>2017-12-22T10:12:10.773541700Z</date>
  <millis>1513937530773</millis>
  <nanos>541700</nanos>
  <sequence>7</sequence>
  <logger>NAODash Logger</logger>
  <level>INFO</level>
  <class>naoDash_main.Controller</class>
  <method>lambda$initialize$1</method>
  <thread>16</thread>
  <message>Button D</message>
</record>
</log>
<?xml version="1.0" encoding="UTF-8" standalone="no"?>
<!DOCTYPE log SYSTEM "logger.dtd">
<log>
<record>
  <date>2017-12-22T10:17:08.869395800Z</date>
  <millis>1513937828869</millis>
  <nanos>395800</nanos>
  <sequence>0</sequence>
  <logger>NAODash Logger</logger>
  <level>INFO</level>
  <class>naoDash_main.Controller</class>
  <method>lambda$initialize$1</method>
  <thread>16</thread>
  <message>Button W</message>
</record>
<record>
  <date>2017-12-22T10:17:09.053932200Z</date>
  <millis>1513937829053</millis>
  <nanos>932200</nanos>
  <sequence>1</sequence>
  <logger>NAODash Logger</logger>
  <level>INFO</level>
  <class>naoDash_main.Controller</class>
  <method>lambda$initialize$1</method>
  <thread>16</thread>
  <message>Button A</message>
</record>
<record>
  <date>2017-12-22T10:17:09.246416400Z</date>
  <millis>1513937829246</millis>
  <nanos>416400</nanos>
  <sequence>2</sequence>
  <logger>NAODash Logger</logger>
  <level>INFO</level>
  <class>naoDash_main.Controller</class>
  <method>lambda$initialize$1</method>
  <thread>16</thread>
  <message>Button S</message>
</record>
<record>
  <date>2017-12-22T10:17:09.443394Z</date>
  <millis>1513937829443</millis>
  <nanos>394000</nanos>
  <sequence>3</sequence>
  <logger>NAODash Logger</logger>
  <level>INFO</level>
  <class>naoDash_main.Controller</class>
  <method>lambda$initialize$1</method>
  <thread>16</thread>
  <message>Button D</message>
</record>
</log>
<?xml version="1.0" encoding="UTF-8" standalone="no"?>
<!DOCTYPE log SYSTEM "logger.dtd">
<log>
</log>
<?xml version="1.0" encoding="UTF-8" standalone="no"?>
<!DOCTYPE log SYSTEM "logger.dtd">
<log>
</log>
<?xml version="1.0" encoding="UTF-8" standalone="no"?>
<!DOCTYPE log SYSTEM "logger.dtd">
<log>
</log>
<?xml version="1.0" encoding="UTF-8" standalone="no"?>
<!DOCTYPE log SYSTEM "logger.dtd">
<log>
</log>
<?xml version="1.0" encoding="UTF-8" standalone="no"?>
<!DOCTYPE log SYSTEM "logger.dtd">
<log>
</log>
<?xml version="1.0" encoding="UTF-8" standalone="no"?>
<!DOCTYPE log SYSTEM "logger.dtd">
<log>
</log>
<?xml version="1.0" encoding="UTF-8" standalone="no"?>
<!DOCTYPE log SYSTEM "logger.dtd">
<log>
</log>
<?xml version="1.0" encoding="UTF-8" standalone="no"?>
<!DOCTYPE log SYSTEM "logger.dtd">
<log>
<record>
  <date>2017-12-22T10:40:04.545136500Z</date>
  <millis>1513939204545</millis>
  <nanos>136500</nanos>
  <sequence>0</sequence>
  <logger>NAODash Logger</logger>
  <level>INFO</level>
  <class>naoDash_main.Controller</class>
  <method>lambda$initialize$1</method>
  <thread>16</thread>
  <message>Button W</message>
</record>
<record>
  <date>2017-12-22T10:40:04.972273400Z</date>
  <millis>1513939204972</millis>
  <nanos>273400</nanos>
  <sequence>1</sequence>
  <logger>NAODash Logger</logger>
  <level>INFO</level>
  <class>naoDash_main.Controller</class>
  <method>lambda$initialize$1</method>
  <thread>16</thread>
  <message>Button W</message>
</record>
<record>
  <date>2017-12-22T10:40:05.224943600Z</date>
  <millis>1513939205224</millis>
  <nanos>943600</nanos>
  <sequence>2</sequence>
  <logger>NAODash Logger</logger>
  <level>INFO</level>
  <class>naoDash_main.Controller</class>
  <method>lambda$initialize$1</method>
  <thread>16</thread>
  <message>Button W</message>
</record>
<record>
  <date>2017-12-22T10:40:05.908665700Z</date>
  <millis>1513939205908</millis>
  <nanos>665700</nanos>
  <sequence>3</sequence>
  <logger>NAODash Logger</logger>
  <level>INFO</level>
  <class>naoDash_main.Controller</class>
  <method>lambda$initialize$1</method>
  <thread>16</thread>
  <message>Button S</message>
</record>
<record>
  <date>2017-12-22T10:40:06.501839Z</date>
  <millis>1513939206501</millis>
  <nanos>839000</nanos>
  <sequence>4</sequence>
  <logger>NAODash Logger</logger>
  <level>INFO</level>
  <class>naoDash_main.Controller</class>
  <method>lambda$initialize$1</method>
  <thread>16</thread>
  <message>Button A</message>
</record>
<record>
  <date>2017-12-22T10:40:07.087288Z</date>
  <millis>1513939207087</millis>
  <nanos>288000</nanos>
  <sequence>5</sequence>
  <logger>NAODash Logger</logger>
  <level>INFO</level>
  <class>naoDash_main.Controller</class>
  <method>lambda$initialize$1</method>
  <thread>16</thread>
  <message>Button D</message>
</record>
<record>
  <date>2017-12-22T10:40:07.486273600Z</date>
  <millis>1513939207486</millis>
  <nanos>273600</nanos>
  <sequence>6</sequence>
  <logger>NAODash Logger</logger>
  <level>INFO</level>
  <class>naoDash_main.Controller</class>
  <method>lambda$initialize$1</method>
  <thread>16</thread>
  <message>Button W</message>
</record>
<record>
  <date>2017-12-22T10:40:07.746966700Z</date>
  <millis>1513939207746</millis>
  <nanos>966700</nanos>
  <sequence>7</sequence>
  <logger>NAODash Logger</logger>
  <level>INFO</level>
  <class>naoDash_main.Controller</class>
  <method>lambda$initialize$1</method>
  <thread>16</thread>
  <message>Button A</message>
</record>
<record>
  <date>2017-12-22T10:40:07.748972800Z</date>
  <millis>1513939207748</millis>
  <nanos>972800</nanos>
  <sequence>8</sequence>
  <logger>NAODash Logger</logger>
  <level>INFO</level>
  <class>naoDash_main.Controller</class>
  <method>lambda$initialize$1</method>
  <thread>16</thread>
  <message>Button S</message>
</record>
<record>
  <date>2017-12-22T10:40:07.987803200Z</date>
  <millis>1513939207987</millis>
  <nanos>803200</nanos>
  <sequence>9</sequence>
  <logger>NAODash Logger</logger>
  <level>INFO</level>
  <class>naoDash_main.Controller</class>
  <method>lambda$initialize$1</method>
  <thread>16</thread>
  <message>Button A</message>
</record>
</log>
<?xml version="1.0" encoding="UTF-8" standalone="no"?>
<!DOCTYPE log SYSTEM "logger.dtd">
<log>
</log>
<?xml version="1.0" encoding="UTF-8" standalone="no"?>
<!DOCTYPE log SYSTEM "logger.dtd">
<log>
</log>
<?xml version="1.0" encoding="UTF-8" standalone="no"?>
<!DOCTYPE log SYSTEM "logger.dtd">
<log>
</log>
<?xml version="1.0" encoding="UTF-8" standalone="no"?>
<!DOCTYPE log SYSTEM "logger.dtd">
<log>
</log>
<?xml version="1.0" encoding="UTF-8" standalone="no"?>
<!DOCTYPE log SYSTEM "logger.dtd">
<log>
</log>
<?xml version="1.0" encoding="UTF-8" standalone="no"?>
<!DOCTYPE log SYSTEM "logger.dtd">
<log>
</log>
<?xml version="1.0" encoding="UTF-8" standalone="no"?>
<!DOCTYPE log SYSTEM "logger.dtd">
<log>
</log>
<?xml version="1.0" encoding="UTF-8" standalone="no"?>
<!DOCTYPE log SYSTEM "logger.dtd">
<log>
</log>
<?xml version="1.0" encoding="UTF-8" standalone="no"?>
<!DOCTYPE log SYSTEM "logger.dtd">
<log>
</log>
<?xml version="1.0" encoding="UTF-8" standalone="no"?>
<!DOCTYPE log SYSTEM "logger.dtd">
<log>
</log>
<?xml version="1.0" encoding="UTF-8" standalone="no"?>
<!DOCTYPE log SYSTEM "logger.dtd">
<log>
</log>
<?xml version="1.0" encoding="UTF-8" standalone="no"?>
<!DOCTYPE log SYSTEM "logger.dtd">
<log>
</log>
<?xml version="1.0" encoding="UTF-8" standalone="no"?>
<!DOCTYPE log SYSTEM "logger.dtd">
<log>
</log>
<?xml version="1.0" encoding="UTF-8" standalone="no"?>
<!DOCTYPE log SYSTEM "logger.dtd">
<log>
</log>
<?xml version="1.0" encoding="UTF-8" standalone="no"?>
<!DOCTYPE log SYSTEM "logger.dtd">
<log>
</log>
<?xml version="1.0" encoding="UTF-8" standalone="no"?>
<!DOCTYPE log SYSTEM "logger.dtd">
<log>
</log>
<?xml version="1.0" encoding="UTF-8" standalone="no"?>
<!DOCTYPE log SYSTEM "logger.dtd">
<log>
</log>
<?xml version="1.0" encoding="UTF-8" standalone="no"?>
<!DOCTYPE log SYSTEM "logger.dtd">
<log>
</log>
<?xml version="1.0" encoding="UTF-8" standalone="no"?>
<!DOCTYPE log SYSTEM "logger.dtd">
<log>
</log>
<?xml version="1.0" encoding="UTF-8" standalone="no"?>
<!DOCTYPE log SYSTEM "logger.dtd">
<log>
</log>
<?xml version="1.0" encoding="UTF-8" standalone="no"?>
<!DOCTYPE log SYSTEM "logger.dtd">
<log>
</log>
<?xml version="1.0" encoding="UTF-8" standalone="no"?>
<!DOCTYPE log SYSTEM "logger.dtd">
<log>
</log>
<?xml version="1.0" encoding="UTF-8" standalone="no"?>
<!DOCTYPE log SYSTEM "logger.dtd">
<log>
</log>
<?xml version="1.0" encoding="UTF-8" standalone="no"?>
<!DOCTYPE log SYSTEM "logger.dtd">
<log>
</log>
<?xml version="1.0" encoding="UTF-8" standalone="no"?>
<!DOCTYPE log SYSTEM "logger.dtd">
<log>
</log>
<?xml version="1.0" encoding="UTF-8" standalone="no"?>
<!DOCTYPE log SYSTEM "logger.dtd">
<log>
</log>
<?xml version="1.0" encoding="UTF-8" standalone="no"?>
<!DOCTYPE log SYSTEM "logger.dtd">
<log>
</log>
<?xml version="1.0" encoding="UTF-8" standalone="no"?>
<!DOCTYPE log SYSTEM "logger.dtd">
<log>
</log>
<?xml version="1.0" encoding="UTF-8" standalone="no"?>
<!DOCTYPE log SYSTEM "logger.dtd">
<log>
</log>
<?xml version="1.0" encoding="UTF-8" standalone="no"?>
<!DOCTYPE log SYSTEM "logger.dtd">
<log>
</log>
<?xml version="1.0" encoding="UTF-8" standalone="no"?>
<!DOCTYPE log SYSTEM "logger.dtd">
<log>
</log>
<?xml version="1.0" encoding="UTF-8" standalone="no"?>
<!DOCTYPE log SYSTEM "logger.dtd">
<log>
</log>
<?xml version="1.0" encoding="UTF-8" standalone="no"?>
<!DOCTYPE log SYSTEM "logger.dtd">
<log>
</log>
<?xml version="1.0" encoding="UTF-8" standalone="no"?>
<!DOCTYPE log SYSTEM "logger.dtd">
<log>
</log>
<?xml version="1.0" encoding="UTF-8" standalone="no"?>
<!DOCTYPE log SYSTEM "logger.dtd">
<log>
</log>
<?xml version="1.0" encoding="UTF-8" standalone="no"?>
<!DOCTYPE log SYSTEM "logger.dtd">
<log>
</log>
<?xml version="1.0" encoding="UTF-8" standalone="no"?>
<!DOCTYPE log SYSTEM "logger.dtd">
<log>
</log>
<?xml version="1.0" encoding="UTF-8" standalone="no"?>
<!DOCTYPE log SYSTEM "logger.dtd">
<log>
</log>
<?xml version="1.0" encoding="UTF-8" standalone="no"?>
<!DOCTYPE log SYSTEM "logger.dtd">
<log>
</log>
<?xml version="1.0" encoding="UTF-8" standalone="no"?>
<!DOCTYPE log SYSTEM "logger.dtd">
<log>
</log>
<?xml version="1.0" encoding="UTF-8" standalone="no"?>
<!DOCTYPE log SYSTEM "logger.dtd">
<log>
</log>
<?xml version="1.0" encoding="UTF-8" standalone="no"?>
<!DOCTYPE log SYSTEM "logger.dtd">
<log>
</log>
<?xml version="1.0" encoding="UTF-8" standalone="no"?>
<!DOCTYPE log SYSTEM "logger.dtd">
<log>
</log>
<?xml version="1.0" encoding="UTF-8" standalone="no"?>
<!DOCTYPE log SYSTEM "logger.dtd">
<log>
</log>
<?xml version="1.0" encoding="UTF-8" standalone="no"?>
<!DOCTYPE log SYSTEM "logger.dtd">
<log>
</log>
<?xml version="1.0" encoding="UTF-8" standalone="no"?>
<!DOCTYPE log SYSTEM "logger.dtd">
<log>
</log>
<?xml version="1.0" encoding="UTF-8" standalone="no"?>
<!DOCTYPE log SYSTEM "logger.dtd">
<log>
</log>
<?xml version="1.0" encoding="UTF-8" standalone="no"?>
<!DOCTYPE log SYSTEM "logger.dtd">
<log>
</log>
<?xml version="1.0" encoding="UTF-8" standalone="no"?>
<!DOCTYPE log SYSTEM "logger.dtd">
<log>
<record>
  <date>2018-01-12T11:41:31.959626Z</date>
  <millis>1515757291959</millis>
  <nanos>626000</nanos>
  <sequence>0</sequence>
  <logger>NAODash Logger</logger>
  <level>INFO</level>
  <class>naoDash_main.Controller</class>
  <method>lambda$initialize$1</method>
  <thread>14</thread>
  <message>Button I</message>
</record>
<record>
  <date>2018-01-12T11:41:32.197103Z</date>
  <millis>1515757292197</millis>
  <nanos>103000</nanos>
  <sequence>1</sequence>
  <logger>NAODash Logger</logger>
  <level>INFO</level>
  <class>naoDash_main.Controller</class>
  <method>lambda$initialize$1</method>
  <thread>14</thread>
  <message>Button I</message>
</record>
<record>
  <date>2018-01-12T11:41:32.362980Z</date>
  <millis>1515757292362</millis>
  <nanos>980000</nanos>
  <sequence>2</sequence>
  <logger>NAODash Logger</logger>
  <level>INFO</level>
  <class>naoDash_main.Controller</class>
  <method>lambda$initialize$1</method>
  <thread>14</thread>
  <message>Button I</message>
</record>
<record>
  <date>2018-01-12T11:41:32.516934Z</date>
  <millis>1515757292516</millis>
  <nanos>934000</nanos>
  <sequence>3</sequence>
  <logger>NAODash Logger</logger>
  <level>INFO</level>
  <class>naoDash_main.Controller</class>
  <method>lambda$initialize$1</method>
  <thread>14</thread>
  <message>Button I</message>
</record>
<record>
  <date>2018-01-12T11:41:32.690915Z</date>
  <millis>1515757292690</millis>
  <nanos>915000</nanos>
  <sequence>4</sequence>
  <logger>NAODash Logger</logger>
  <level>INFO</level>
  <class>naoDash_main.Controller</class>
  <method>lambda$initialize$1</method>
  <thread>14</thread>
  <message>Button J</message>
</record>
<record>
  <date>2018-01-12T11:41:32.873485Z</date>
  <millis>1515757292873</millis>
  <nanos>485000</nanos>
  <sequence>5</sequence>
  <logger>NAODash Logger</logger>
  <level>INFO</level>
  <class>naoDash_main.Controller</class>
  <method>lambda$initialize$1</method>
  <thread>14</thread>
  <message>Button J</message>
</record>
<record>
  <date>2018-01-12T11:41:33.026160Z</date>
  <millis>1515757293026</millis>
  <nanos>160000</nanos>
  <sequence>6</sequence>
  <logger>NAODash Logger</logger>
  <level>INFO</level>
  <class>naoDash_main.Controller</class>
  <method>lambda$initialize$1</method>
  <thread>14</thread>
  <message>Button J</message>
</record>
<record>
  <date>2018-01-12T11:41:33.195786Z</date>
  <millis>1515757293195</millis>
  <nanos>786000</nanos>
  <sequence>7</sequence>
  <logger>NAODash Logger</logger>
  <level>INFO</level>
  <class>naoDash_main.Controller</class>
  <method>lambda$initialize$1</method>
  <thread>14</thread>
  <message>Button J</message>
</record>
<record>
  <date>2018-01-12T11:41:33.357724Z</date>
  <millis>1515757293357</millis>
  <nanos>724000</nanos>
  <sequence>8</sequence>
  <logger>NAODash Logger</logger>
  <level>INFO</level>
  <class>naoDash_main.Controller</class>
  <method>lambda$initialize$1</method>
  <thread>14</thread>
  <message>Button K</message>
</record>
<record>
  <date>2018-01-12T11:41:33.525174Z</date>
  <millis>1515757293525</millis>
  <nanos>174000</nanos>
  <sequence>9</sequence>
  <logger>NAODash Logger</logger>
  <level>INFO</level>
  <class>naoDash_main.Controller</class>
  <method>lambda$initialize$1</method>
  <thread>14</thread>
  <message>Button L</message>
</record>
<record>
  <date>2018-01-12T11:41:33.675657Z</date>
  <millis>1515757293675</millis>
  <nanos>657000</nanos>
  <sequence>10</sequence>
  <logger>NAODash Logger</logger>
  <level>INFO</level>
  <class>naoDash_main.Controller</class>
  <method>lambda$initialize$1</method>
  <thread>14</thread>
  <message>Button K</message>
</record>
<record>
  <date>2018-01-12T11:41:33.978560Z</date>
  <millis>1515757293978</millis>
  <nanos>560000</nanos>
  <sequence>11</sequence>
  <logger>NAODash Logger</logger>
  <level>INFO</level>
  <class>naoDash_main.Controller</class>
  <method>lambda$initialize$1</method>
  <thread>14</thread>
  <message>Button J</message>
</record>
<record>
  <date>2018-01-12T11:41:34.069513Z</date>
  <millis>1515757294069</millis>
  <nanos>513000</nanos>
  <sequence>12</sequence>
  <logger>NAODash Logger</logger>
  <level>INFO</level>
  <class>naoDash_main.Controller</class>
  <method>lambda$initialize$1</method>
  <thread>14</thread>
  <message>Button K</message>
</record>
<record>
  <date>2018-01-12T11:41:34.179120Z</date>
  <millis>1515757294179</millis>
  <nanos>120000</nanos>
  <sequence>13</sequence>
  <logger>NAODash Logger</logger>
  <level>INFO</level>
  <class>naoDash_main.Controller</class>
  <method>lambda$initialize$1</method>
  <thread>14</thread>
  <message>Button J</message>
</record>
<record>
  <date>2018-01-12T11:41:34.548652Z</date>
  <millis>1515757294548</millis>
  <nanos>652000</nanos>
  <sequence>14</sequence>
  <logger>NAODash Logger</logger>
  <level>INFO</level>
  <class>naoDash_main.Controller</class>
  <method>lambda$initialize$1</method>
  <thread>14</thread>
  <message>Button L</message>
</record>
<record>
  <date>2018-01-12T11:41:34.726349Z</date>
  <millis>1515757294726</millis>
  <nanos>349000</nanos>
  <sequence>15</sequence>
  <logger>NAODash Logger</logger>
  <level>INFO</level>
  <class>naoDash_main.Controller</class>
  <method>lambda$initialize$1</method>
  <thread>14</thread>
  <message>Button L</message>
</record>
<record>
  <date>2018-01-12T11:41:35.005408Z</date>
  <millis>1515757295005</millis>
  <nanos>408000</nanos>
  <sequence>16</sequence>
  <logger>NAODash Logger</logger>
  <level>INFO</level>
  <class>naoDash_main.Controller</class>
  <method>lambda$initialize$1</method>
  <thread>14</thread>
  <message>Button L</message>
</record>
<record>
  <date>2018-01-12T11:41:35.146894Z</date>
  <millis>1515757295146</millis>
  <nanos>894000</nanos>
  <sequence>17</sequence>
  <logger>NAODash Logger</logger>
  <level>INFO</level>
  <class>naoDash_main.Controller</class>
  <method>lambda$initialize$1</method>
  <thread>14</thread>
  <message>Button L</message>
</record>
<record>
  <date>2018-01-12T11:41:35.255478Z</date>
  <millis>1515757295255</millis>
  <nanos>478000</nanos>
  <sequence>18</sequence>
  <logger>NAODash Logger</logger>
  <level>INFO</level>
  <class>naoDash_main.Controller</class>
  <method>lambda$initialize$1</method>
  <thread>14</thread>
  <message>Button L</message>
</record>
<record>
  <date>2018-01-12T11:41:35.419324Z</date>
  <millis>1515757295419</millis>
  <nanos>324000</nanos>
  <sequence>19</sequence>
  <logger>NAODash Logger</logger>
  <level>INFO</level>
  <class>naoDash_main.Controller</class>
  <method>lambda$initialize$1</method>
  <thread>14</thread>
  <message>Button K</message>
</record>
<record>
  <date>2018-01-12T11:41:35.593711Z</date>
  <millis>1515757295593</millis>
  <nanos>711000</nanos>
  <sequence>20</sequence>
  <logger>NAODash Logger</logger>
  <level>INFO</level>
  <class>naoDash_main.Controller</class>
  <method>lambda$initialize$1</method>
  <thread>14</thread>
  <message>Button K</message>
</record>
<record>
  <date>2018-01-12T11:41:35.759868Z</date>
  <millis>1515757295759</millis>
  <nanos>868000</nanos>
  <sequence>21</sequence>
  <logger>NAODash Logger</logger>
  <level>INFO</level>
  <class>naoDash_main.Controller</class>
  <method>lambda$initialize$1</method>
  <thread>14</thread>
  <message>Button K</message>
</record>
<record>
  <date>2018-01-12T11:41:36.154621Z</date>
  <millis>1515757296154</millis>
  <nanos>621000</nanos>
  <sequence>22</sequence>
  <logger>NAODash Logger</logger>
  <level>INFO</level>
  <class>naoDash_main.Controller</class>
  <method>lambda$initialize$1</method>
  <thread>14</thread>
  <message>Button W</message>
</record>
<record>
  <date>2018-01-12T11:41:49.526632Z</date>
  <millis>1515757309526</millis>
  <nanos>632000</nanos>
  <sequence>23</sequence>
  <logger>NAODash Logger</logger>
  <level>INFO</level>
  <class>naoDash_main.Controller</class>
  <method>lambda$initialize$1</method>
  <thread>14</thread>
  <message>Button I</message>
</record>
<record>
  <date>2018-01-12T11:41:49.676178Z</date>
  <millis>1515757309676</millis>
  <nanos>178000</nanos>
  <sequence>24</sequence>
  <logger>NAODash Logger</logger>
  <level>INFO</level>
  <class>naoDash_main.Controller</class>
  <method>lambda$initialize$1</method>
  <thread>14</thread>
  <message>Button I</message>
</record>
<record>
  <date>2018-01-12T11:41:49.822566Z</date>
  <millis>1515757309822</millis>
  <nanos>566000</nanos>
  <sequence>25</sequence>
  <logger>NAODash Logger</logger>
  <level>INFO</level>
  <class>naoDash_main.Controller</class>
  <method>lambda$initialize$1</method>
  <thread>14</thread>
  <message>Button I</message>
</record>
<record>
  <date>2018-01-12T11:41:50.011021Z</date>
  <millis>1515757310011</millis>
  <nanos>21000</nanos>
  <sequence>26</sequence>
  <logger>NAODash Logger</logger>
  <level>INFO</level>
  <class>naoDash_main.Controller</class>
  <method>lambda$initialize$1</method>
  <thread>14</thread>
  <message>Button K</message>
</record>
<record>
  <date>2018-01-12T11:41:50.136598Z</date>
  <millis>1515757310136</millis>
  <nanos>598000</nanos>
  <sequence>27</sequence>
  <logger>NAODash Logger</logger>
  <level>INFO</level>
  <class>naoDash_main.Controller</class>
  <method>lambda$initialize$1</method>
  <thread>14</thread>
  <message>Button K</message>
</record>
<record>
  <date>2018-01-12T11:41:50.289452Z</date>
  <millis>1515757310289</millis>
  <nanos>452000</nanos>
  <sequence>28</sequence>
  <logger>NAODash Logger</logger>
  <level>INFO</level>
  <class>naoDash_main.Controller</class>
  <method>lambda$initialize$1</method>
  <thread>14</thread>
  <message>Button K</message>
</record>
<record>
  <date>2018-01-12T11:41:50.467493Z</date>
  <millis>1515757310467</millis>
  <nanos>493000</nanos>
  <sequence>29</sequence>
  <logger>NAODash Logger</logger>
  <level>INFO</level>
  <class>naoDash_main.Controller</class>
  <method>lambda$initialize$1</method>
  <thread>14</thread>
  <message>Button K</message>
</record>
<record>
  <date>2018-01-12T11:41:50.507262Z</date>
  <millis>1515757310507</millis>
  <nanos>262000</nanos>
  <sequence>30</sequence>
  <logger>NAODash Logger</logger>
  <level>INFO</level>
  <class>naoDash_main.Controller</class>
  <method>lambda$initialize$1</method>
  <thread>14</thread>
  <message>Button J</message>
</record>
<record>
  <date>2018-01-12T11:41:50.688668Z</date>
  <millis>1515757310688</millis>
  <nanos>668000</nanos>
  <sequence>31</sequence>
  <logger>NAODash Logger</logger>
  <level>INFO</level>
  <class>naoDash_main.Controller</class>
  <method>lambda$initialize$1</method>
  <thread>14</thread>
  <message>Button L</message>
</record>
<record>
  <date>2018-01-12T11:41:50.855068Z</date>
  <millis>1515757310855</millis>
  <nanos>68000</nanos>
  <sequence>32</sequence>
  <logger>NAODash Logger</logger>
  <level>INFO</level>
  <class>naoDash_main.Controller</class>
  <method>lambda$initialize$1</method>
  <thread>14</thread>
  <message>Button J</message>
</record>
<record>
  <date>2018-01-12T11:41:50.992736Z</date>
  <millis>1515757310992</millis>
  <nanos>736000</nanos>
  <sequence>33</sequence>
  <logger>NAODash Logger</logger>
  <level>INFO</level>
  <class>naoDash_main.Controller</class>
  <method>lambda$initialize$1</method>
  <thread>14</thread>
  <message>Button L</message>
</record>
<record>
  <date>2018-01-12T11:41:51.130490Z</date>
  <millis>1515757311130</millis>
  <nanos>490000</nanos>
  <sequence>34</sequence>
  <logger>NAODash Logger</logger>
  <level>INFO</level>
  <class>naoDash_main.Controller</class>
  <method>lambda$initialize$1</method>
  <thread>14</thread>
  <message>Button J</message>
</record>
<record>
  <date>2018-01-12T11:41:51.284003Z</date>
  <millis>1515757311284</millis>
  <nanos>3000</nanos>
  <sequence>35</sequence>
  <logger>NAODash Logger</logger>
  <level>INFO</level>
  <class>naoDash_main.Controller</class>
  <method>lambda$initialize$1</method>
  <thread>14</thread>
  <message>Button I</message>
</record>
<record>
  <date>2018-01-12T11:41:51.308565Z</date>
  <millis>1515757311308</millis>
  <nanos>565000</nanos>
  <sequence>36</sequence>
  <logger>NAODash Logger</logger>
  <level>INFO</level>
  <class>naoDash_main.Controller</class>
  <method>lambda$initialize$1</method>
  <thread>14</thread>
  <message>Button L</message>
</record>
<record>
  <date>2018-01-12T11:41:51.590653Z</date>
  <millis>1515757311590</millis>
  <nanos>653000</nanos>
  <sequence>37</sequence>
  <logger>NAODash Logger</logger>
  <level>INFO</level>
  <class>naoDash_main.Controller</class>
  <method>lambda$initialize$1</method>
  <thread>14</thread>
  <message>Button I</message>
</record>
</log>
<?xml version="1.0" encoding="UTF-8" standalone="no"?>
<!DOCTYPE log SYSTEM "logger.dtd">
<log>
</log>
<?xml version="1.0" encoding="UTF-8" standalone="no"?>
<!DOCTYPE log SYSTEM "logger.dtd">
<log>
</log>
